<?xml version="1.0" encoding="UTF-8"?>
<testsuite name="api.SelenideTest" tests="1" skipped="0" failures="0" errors="0" timestamp="2025-08-06T18:23:00" hostname="ALICKGAN" time="11.907">
  <properties/>
  <testcase name="Проверка Issue (Allure c Listener)" classname="api.SelenideTest" time="11.907"/>
  <system-out><![CDATA[]]></system-out>
  <system-err><![CDATA[[Test worker] INFO com.codeborne.selenide.impl.WebDriverThreadLocalContainer - No webdriver is bound to current thread: 1 - let's create a new webdriver
[Test worker] INFO com.codeborne.selenide.impl.FileHelper - Creating folder: C:\Users\gordi\IdeaProjects\selenide-github\build\downloads\1754504580628_9936_1
авг. 06, 2025 9:23:02 PM org.openqa.selenium.devtools.CdpVersionFinder findNearestMatch
WARNING: Unable to find CDP implementation matching 139
авг. 06, 2025 9:23:02 PM org.openqa.selenium.chromium.ChromiumDriver lambda$new$5
WARNING: Unable to find version of CDP to use for 139.0.7258.67. You may need to include a dependency on a specific version of the CDP using something similar to `org.seleniumhq.selenium:selenium-devtools-v86:4.20.0` where the version ("v86") matches the version of the chromium-based browser you're using and the version number of the artifact is the same as Selenium's.
[Test worker] INFO com.codeborne.selenide.webdriver.WebDriverFactory - BrowserName=chrome Version=139.0.7258.67 Platform=windows
[Test worker] INFO com.codeborne.selenide.webdriver.WebDriverFactory - Selenide v. 7.0.4
[Test worker] INFO com.codeborne.selenide.webdriver.WebDriverFactory - Selenium WebDriver v. 4.20.0 build revision: 866c76ca80
[Test worker] INFO com.codeborne.selenide.drivercommands.CreateDriverCommand - Created webdriver in thread 1: ChromeDriver -> ChromeDriver: chrome on windows (303051f340f50324c825123580fdcf66), downloadsFolder: C:\Users\gordi\IdeaProjects\selenide-github\build\downloads\1754504580628_9936_1
[Test worker] INFO com.codeborne.selenide.drivercommands.DisposablesRegistry - Register WebDriverInstance[config=StaticConfig, webDriver=ChromeDriver: chrome on windows (303051f340f50324c825123580fdcf66), proxy=null, downloadsFolder=C:\Users\gordi\IdeaProjects\selenide-github\build\downloads\1754504580628_9936_1] in 1 [size=1]
[Test worker] INFO com.codeborne.selenide.drivercommands.DisposablesRegistry - Add shutdown hook in 1 [size=1]
]]></system-err>
</testsuite>
