<?xml version="1.0" encoding="UTF-8"?>
<testsuite name="github.SelenideWiki" tests="1" skipped="0" failures="0" errors="0" timestamp="2025-01-24T03:46:06" hostname="WIN-JG2J35FIO8M" time="8.926">
  <properties/>
  <testcase name="shouldFindSelenideWiki()" classname="github.SelenideWiki" time="8.926"/>
  <system-out><![CDATA[]]></system-out>
  <system-err><![CDATA[[Test worker] INFO com.codeborne.selenide.impl.WebDriverThreadLocalContainer - No webdriver is bound to current thread: 1 - let's create a new webdriver
[Test worker] INFO com.codeborne.selenide.impl.FileHelper - Creating folder: C:\Users\gordi\IdeaProjects\selenide-github\build\downloads\1737690366258_62068_1
янв. 24, 2025 6:46:07 AM org.openqa.selenium.devtools.CdpVersionFinder findNearestMatch
WARNING: Unable to find CDP implementation matching 132
янв. 24, 2025 6:46:07 AM org.openqa.selenium.chromium.ChromiumDriver lambda$new$5
WARNING: Unable to find version of CDP to use for 132.0.6834.84. You may need to include a dependency on a specific version of the CDP using something similar to `org.seleniumhq.selenium:selenium-devtools-v86:4.15.0` where the version ("v86") matches the version of the chromium-based browser you're using and the version number of the artifact is the same as Selenium's.
[Test worker] INFO com.codeborne.selenide.webdriver.WebDriverFactory - BrowserName=chrome Version=132.0.6834.84 Platform=windows
[Test worker] INFO com.codeborne.selenide.webdriver.WebDriverFactory - Selenide v. 7.0.2
[Test worker] INFO com.codeborne.selenide.webdriver.WebDriverFactory - Selenium WebDriver v. 4.15.0 build revision: 1d14b5521b
[Test worker] INFO com.codeborne.selenide.drivercommands.CreateDriverCommand - Created webdriver in thread 1: ChromeDriver -> ChromeDriver: chrome on windows (93a20ff5534beef71021852e1a5f0b3a), downloadsFolder: C:\Users\gordi\IdeaProjects\selenide-github\build\downloads\1737690366258_62068_1
[Test worker] INFO com.codeborne.selenide.drivercommands.DisposablesRegistry - Register WebDriverInstance[config=StaticConfig, webDriver=ChromeDriver: chrome on windows (93a20ff5534beef71021852e1a5f0b3a), proxy=null, downloadsFolder=C:\Users\gordi\IdeaProjects\selenide-github\build\downloads\1737690366258_62068_1] in 1 [size=1]
[Test worker] INFO com.codeborne.selenide.drivercommands.DisposablesRegistry - Add shutdown hook in 1 [size=1]
]]></system-err>
</testsuite>
