<?xml version="1.0" encoding="UTF-8"?>
<testsuite name="demowebshop.CartTests" tests="3" skipped="0" failures="0" errors="0" timestamp="2025-05-30T01:54:00" hostname="ALICKGAN" time="10.148">
  <properties/>
  <testcase name="checkTheItemInTheCart()" classname="demowebshop.CartTests" time="4.794"/>
  <testcase name="addToCartTest()" classname="demowebshop.CartTests" time="3.44"/>
  <testcase name="removeItemFromCart()" classname="demowebshop.CartTests" time="1.797"/>
  <system-out><![CDATA[]]></system-out>
  <system-err><![CDATA[[Test worker] INFO com.codeborne.selenide.WebDriverThreadLocalContainer - No webdriver is bound to current thread: 1 - let's create a new webdriver
мая 30, 2025 4:54:02 AM org.openqa.selenium.devtools.CdpVersionFinder findNearestMatch
WARNING: Unable to find CDP implementation matching 137
мая 30, 2025 4:54:02 AM org.openqa.selenium.chromium.ChromiumDriver lambda$new$5
WARNING: Unable to find version of CDP to use for 137.0.7151.56. You may need to include a dependency on a specific version of the CDP using something similar to `org.seleniumhq.selenium:selenium-devtools-v86:4.27.0` where the version ("v86") matches the version of the chromium-based browser you're using and the version number of the artifact is the same as Selenium's.
[Test worker] INFO com.codeborne.selenide.webdriver.WebDriverFactory - Selenide 7.7.0 / Selenium 4.27.0 / chrome 137.0.7151.56 windows
]]></system-err>
</testsuite>
