<?xml version="1.0" encoding="UTF-8"?>
<testsuite name="webTests.WebTests" tests="2" skipped="0" failures="0" errors="0" timestamp="2025-06-27T03:21:45" hostname="ALICKGAN" time="7.917">
  <properties/>
  <testcase name="Для локали EN  отображаются кнопки [TESTING EXPERTISE, FOR YOUR INDUSTRY, SOLUTIONS, INSIGHTS &amp; SUCCESS STORIES, ABOUT US]" classname="webTests.WebTests" time="5.692"/>
  <testcase name="Для локали DE  отображаются кнопки [SERVICES, CROWDTESTING, GERÄTEABDECKUNG, RESSOURCEN, COMPANY]" classname="webTests.WebTests" time="2.224"/>
  <system-out><![CDATA[]]></system-out>
  <system-err><![CDATA[[Test worker] INFO com.codeborne.selenide.impl.WebDriverThreadLocalContainer - No webdriver is bound to current thread: 1 - let's create a new webdriver
[Test worker] INFO com.codeborne.selenide.impl.FileHelper - Creating folder: C:\Users\gordi\IdeaProjects\ParametrsTests\build\downloads\1750994505109_2400_1
июн. 27, 2025 6:21:46 AM org.openqa.selenium.devtools.CdpVersionFinder findNearestMatch
WARNING: Unable to find CDP implementation matching 138
июн. 27, 2025 6:21:46 AM org.openqa.selenium.chromium.ChromiumDriver lambda$new$5
WARNING: Unable to find version of CDP to use for 138.0.7204.50. You may need to include a dependency on a specific version of the CDP using something similar to `org.seleniumhq.selenium:selenium-devtools-v86:4.19.1` where the version ("v86") matches the version of the chromium-based browser you're using and the version number of the artifact is the same as Selenium's.
[Test worker] INFO com.codeborne.selenide.webdriver.WebDriverFactory - BrowserName=chrome Version=138.0.7204.50 Platform=windows
[Test worker] INFO com.codeborne.selenide.webdriver.WebDriverFactory - Selenide v. 7.2.3
[Test worker] INFO com.codeborne.selenide.webdriver.WebDriverFactory - Selenium WebDriver v. 4.19.1 build revision: abe0ee07dc
[Test worker] INFO com.codeborne.selenide.drivercommands.CreateDriverCommand - Created webdriver in thread 1: ChromeDriver -> ChromeDriver: chrome on windows (b2aeb28a22987fddc95f32a3c072eea1), downloadsFolder: C:\Users\gordi\IdeaProjects\ParametrsTests\build\downloads\1750994505109_2400_1
[Test worker] INFO com.codeborne.selenide.drivercommands.DisposablesRegistry - Register WebDriverInstance[config=StaticConfig, webDriver=ChromeDriver: chrome on windows (b2aeb28a22987fddc95f32a3c072eea1), proxy=null, downloadsFolder=C:\Users\gordi\IdeaProjects\ParametrsTests\build\downloads\1750994505109_2400_1] in 1 [size=1]
[Test worker] INFO com.codeborne.selenide.drivercommands.DisposablesRegistry - Add shutdown hook in 1 [size=1]
]]></system-err>
</testsuite>
