<?xml version="1.0" encoding="UTF-8"?>
<testsuite name="demowebshop.CartTests" tests="3" skipped="0" failures="0" errors="0" timestamp="2025-05-30T12:00:54" hostname="ALICKGAN" time="15.381">
  <properties/>
  <testcase name="checkTheItemInTheCart()" classname="demowebshop.CartTests" time="7.778"/>
  <testcase name="addToCartTest()" classname="demowebshop.CartTests" time="5.097"/>
  <testcase name="removeItemFromCart()" classname="demowebshop.CartTests" time="2.289"/>
  <system-out><![CDATA[]]></system-out>
  <system-err><![CDATA[[Test worker] INFO com.codeborne.selenide.WebDriverThreadLocalContainer - No webdriver is bound to current thread: 1 - let's create a new webdriver
мая 30, 2025 3:00:56 PM org.openqa.selenium.manager.SeleniumManager lambda$runCommand$1
WARNING: There was an error managing chromedriver (error sending request for url (https://googlechromelabs.github.io/chrome-for-testing/known-good-versions-with-downloads.json)); using driver found in the cache
мая 30, 2025 3:00:58 PM org.openqa.selenium.devtools.CdpVersionFinder findNearestMatch
WARNING: Unable to find CDP implementation matching 137
мая 30, 2025 3:00:58 PM org.openqa.selenium.chromium.ChromiumDriver lambda$new$5
WARNING: Unable to find version of CDP to use for 137.0.7151.56. You may need to include a dependency on a specific version of the CDP using something similar to `org.seleniumhq.selenium:selenium-devtools-v86:4.27.0` where the version ("v86") matches the version of the chromium-based browser you're using and the version number of the artifact is the same as Selenium's.
[Test worker] INFO com.codeborne.selenide.webdriver.WebDriverFactory - Selenide 7.7.0 / Selenium 4.27.0 / chrome 137.0.7151.56 windows
]]></system-err>
</testsuite>
