<?xml version="1.0" encoding="UTF-8"?>
<testsuite name="github.ContributorsTest" tests="1" skipped="0" failures="0" errors="0" timestamp="2023-11-04T14:34:27" hostname="DESKTOP-CQKR6BB" time="13.483">
  <properties/>
  <testcase name="andreiSolntcevShouldContributorsTheMost()" classname="github.ContributorsTest" time="13.483"/>
  <system-out><![CDATA[]]></system-out>
  <system-err><![CDATA[[Test worker] INFO com.codeborne.selenide.impl.WebDriverThreadLocalContainer - No webdriver is bound to current thread: 1 - let's create a new webdriver
[Test worker] INFO com.codeborne.selenide.impl.FileHelper - Creating folder: C:\Users\Oleg\IdeaProjects\selenide-course-14\build\downloads\1699108467577_7016_1
[Test worker] INFO com.codeborne.selenide.webdriver.WebDriverFactory - BrowserName=chrome Version=119.0.6045.106 Platform=windows
[Test worker] INFO com.codeborne.selenide.webdriver.WebDriverFactory - Selenide v. 7.0.2
[Test worker] INFO com.codeborne.selenide.webdriver.WebDriverFactory - Selenium WebDriver v. 4.15.0 build revision: 1d14b5521b
[Test worker] INFO com.codeborne.selenide.drivercommands.CreateDriverCommand - Created webdriver in thread 1: ChromeDriver -> ChromeDriver: chrome on windows (9f8f597f998bcf38781e834cebdb43bc), downloadsFolder: C:\Users\Oleg\IdeaProjects\selenide-course-14\build\downloads\1699108467577_7016_1
[Test worker] INFO com.codeborne.selenide.drivercommands.DisposablesRegistry - Register WebDriverInstance[config=StaticConfig, webDriver=ChromeDriver: chrome on windows (9f8f597f998bcf38781e834cebdb43bc), proxy=null, downloadsFolder=C:\Users\Oleg\IdeaProjects\selenide-course-14\build\downloads\1699108467577_7016_1] in 1 [size=1]
[Test worker] INFO com.codeborne.selenide.drivercommands.DisposablesRegistry - Add shutdown hook in 1 [size=1]
]]></system-err>
</testsuite>
