<?xml version="1.0" encoding="UTF-8"?>
<testsuite name="github.SelenideWiki" tests="1" skipped="0" failures="0" errors="0" timestamp="2023-10-26T05:16:46" hostname="DESKTOP-CQKR6BB" time="106.466">
  <properties/>
  <testcase name="shouldFindSelenideWiki()" classname="github.SelenideWiki" time="106.466"/>
  <system-out><![CDATA[]]></system-out>
  <system-err><![CDATA[[Test worker] INFO com.codeborne.selenide.impl.WebDriverThreadLocalContainer - No webdriver is bound to current thread: 1 - let's create a new webdriver
[Test worker] INFO com.codeborne.selenide.impl.FileHelper - Creating folder: C:\Users\Oleg\IdeaProjects\selenide-course-14\build\downloads\1698297406737_5692_1
окт. 26, 2023 8:18:12 AM org.openqa.selenium.manager.SeleniumManager lambda$runCommand$1
WARNING: There was an error managing chrome (error sending request for url (https://googlechromelabs.github.io/chrome-for-testing/known-good-versions-with-downloads.json): error trying to connect: tcp connect error: Попытка установить соединение была безуспешной, т.к. от другого компьютера за требуемое время не получен нужный отклик, или было разорвано уже установленное соединение из-за неверного отклика уже подключенного компьютера. (os error 10060)); using driver found in the cache
[Test worker] INFO com.codeborne.selenide.webdriver.SelenideNettyClientFactory - Changed readTimeout from PT3M to PT1M30S
[Test worker] INFO com.codeborne.selenide.webdriver.SelenideNettyClientFactory - Changed readTimeout from PT3M to PT1M30S
окт. 26, 2023 8:18:17 AM org.openqa.selenium.devtools.CdpVersionFinder findNearestMatch
WARNING: Unable to find an exact match for CDP version 118, so returning the closest version found: 117
[Test worker] INFO com.codeborne.selenide.webdriver.WebDriverFactory - BrowserName=chrome Version=118.0.5993.117 Platform=windows
[Test worker] INFO com.codeborne.selenide.webdriver.WebDriverFactory - Selenide v. 6.19.1
[Test worker] INFO com.codeborne.selenide.webdriver.WebDriverFactory - Selenium WebDriver v. 4.13.0 build revision: ba948ece5b*
[Test worker] INFO com.codeborne.selenide.drivercommands.CreateDriverCommand - Created webdriver in thread 1: ChromeDriver -> ChromeDriver: chrome on windows (0b639bc597a0fed6d768a0d027c69f89)
[Test worker] INFO com.codeborne.selenide.drivercommands.DisposablesRegistry - Register WebDriverInstance[config=StaticConfig,webDriver=ChromeDriver: chrome on windows (0b639bc597a0fed6d768a0d027c69f89),proxy=null,downloadsFolder=C:\Users\Oleg\IdeaProjects\selenide-course-14\build\downloads\1698297406737_5692_1] in 1 [size=1]
[Test worker] INFO com.codeborne.selenide.drivercommands.DisposablesRegistry - Add shutdown hook in 1 [size=1]
]]></system-err>
</testsuite>
