<?xml version="1.0" encoding="UTF-8"?>
<testsuite name="homework.MenuSolutions" tests="1" skipped="0" failures="0" errors="0" timestamp="2025-02-07T05:54:25" hostname="WIN-JG2J35FIO8M" time="6.206">
  <properties/>
  <testcase name="searchTest()" classname="homework.MenuSolutions" time="6.206"/>
  <system-out><![CDATA[]]></system-out>
  <system-err><![CDATA[[Test worker] INFO com.codeborne.selenide.WebDriverThreadLocalContainer - No webdriver is bound to current thread: 1 - let's create a new webdriver
февр. 07, 2025 8:54:26 AM org.openqa.selenium.devtools.CdpVersionFinder findNearestMatch
WARNING: Unable to find an exact match for CDP version 133, returning the closest version; found: 131; Please update to a Selenium version that supports CDP version 133
[Test worker] INFO com.codeborne.selenide.webdriver.WebDriverFactory - Selenide 7.7.0 / Selenium 4.27.0 / chrome 133.0.6943.60 windows
]]></system-err>
</testsuite>
