<?xml version="1.0" encoding="UTF-8"?>
<testsuite name="demowebshop.LoginTests" tests="1" skipped="0" failures="0" errors="0" timestamp="2025-05-23T08:03:52" hostname="ALICKGAN" time="5.048">
  <properties/>
  <testcase name="loginWithUITest()" classname="demowebshop.LoginTests" time="5.048"/>
  <system-out><![CDATA[]]></system-out>
  <system-err><![CDATA[[Test worker] INFO com.codeborne.selenide.WebDriverThreadLocalContainer - No webdriver is bound to current thread: 1 - let's create a new webdriver
мая 23, 2025 11:03:54 AM org.openqa.selenium.devtools.CdpVersionFinder findNearestMatch
WARNING: Unable to find CDP implementation matching 136
мая 23, 2025 11:03:54 AM org.openqa.selenium.chromium.ChromiumDriver lambda$new$5
WARNING: Unable to find version of CDP to use for 136.0.7103.114. You may need to include a dependency on a specific version of the CDP using something similar to `org.seleniumhq.selenium:selenium-devtools-v86:4.27.0` where the version ("v86") matches the version of the chromium-based browser you're using and the version number of the artifact is the same as Selenium's.
[Test worker] INFO com.codeborne.selenide.webdriver.WebDriverFactory - Selenide 7.7.0 / Selenium 4.27.0 / chrome 136.0.7103.114 windows
]]></system-err>
</testsuite>
