<?xml version="1.0" encoding="UTF-8"?>
<testsuite name="api.SelenideStepsTest" tests="2" skipped="0" failures="0" errors="0" timestamp="2025-08-06T19:12:05" hostname="ALICKGAN" time="13.176">
  <properties/>
  <testcase name="Проверка Issue (Allure c Lambda)" classname="api.SelenideStepsTest" time="9.35"/>
  <testcase name="Проверка Issue (Allure c WebSteps)" classname="api.SelenideStepsTest" time="3.688"/>
  <system-out><![CDATA[]]></system-out>
  <system-err><![CDATA[[Test worker] INFO com.codeborne.selenide.impl.WebDriverThreadLocalContainer - No webdriver is bound to current thread: 1 - let's create a new webdriver
[Test worker] INFO com.codeborne.selenide.impl.FileHelper - Creating folder: C:\Users\gordi\IdeaProjects\selenide-github\build\downloads\1754507526205_784_1
авг. 06, 2025 10:12:07 PM org.openqa.selenium.devtools.CdpVersionFinder findNearestMatch
WARNING: Unable to find CDP implementation matching 139
авг. 06, 2025 10:12:07 PM org.openqa.selenium.chromium.ChromiumDriver lambda$new$5
WARNING: Unable to find version of CDP to use for 139.0.7258.67. You may need to include a dependency on a specific version of the CDP using something similar to `org.seleniumhq.selenium:selenium-devtools-v86:4.20.0` where the version ("v86") matches the version of the chromium-based browser you're using and the version number of the artifact is the same as Selenium's.
[Test worker] INFO com.codeborne.selenide.webdriver.WebDriverFactory - BrowserName=chrome Version=139.0.7258.67 Platform=windows
[Test worker] INFO com.codeborne.selenide.webdriver.WebDriverFactory - Selenide v. 7.0.4
[Test worker] INFO com.codeborne.selenide.webdriver.WebDriverFactory - Selenium WebDriver v. 4.20.0 build revision: 866c76ca80
[Test worker] INFO com.codeborne.selenide.drivercommands.CreateDriverCommand - Created webdriver in thread 1: ChromeDriver -> ChromeDriver: chrome on windows (caae54bec891707d707eaad7a765128b), downloadsFolder: C:\Users\gordi\IdeaProjects\selenide-github\build\downloads\1754507526205_784_1
[Test worker] INFO com.codeborne.selenide.drivercommands.DisposablesRegistry - Register WebDriverInstance[config=StaticConfig, webDriver=ChromeDriver: chrome on windows (caae54bec891707d707eaad7a765128b), proxy=null, downloadsFolder=C:\Users\gordi\IdeaProjects\selenide-github\build\downloads\1754507526205_784_1] in 1 [size=1]
[Test worker] INFO com.codeborne.selenide.drivercommands.DisposablesRegistry - Add shutdown hook in 1 [size=1]
]]></system-err>
</testsuite>
