<?xml version="1.0" encoding="UTF-8"?>
<testsuite name="demowebshop.LoginTests" tests="2" skipped="0" failures="1" errors="0" timestamp="2025-05-28T05:13:06" hostname="ALICKGAN" time="97.29">
  <properties/>
  <testcase name="loginWithApiTest()" classname="demowebshop.LoginTests" time="94.07">
    <failure message="Element not found {by text: qa@qa.guru}&#13;&#10;Expected: text &quot;gordienko210688@gmail.com&quot;&#13;&#10;Screenshot: file:/C:/Users/gordi/IdeaProjects/selenide-github/build/reports/tests/1748409280752.0.png&#13;&#10;Page source: file:/C:/Users/gordi/IdeaProjects/selenide-github/build/reports/tests/1748409280752.0.html&#13;&#10;Timeout: 4 s.&#13;&#10;Caused by: NoSuchElementException: no such element: Unable to locate element: {&quot;method&quot;:&quot;xpath&quot;,&quot;selector&quot;:&quot;.//*/text()[normalize-space(translate(string(.), '" type="com.codeborne.selenide.ex.ElementNotFound">Element not found {by text: qa@qa.guru}
Expected: text &quot;gordienko210688@gmail.com&quot;
Screenshot: file:/C:/Users/gordi/IdeaProjects/selenide-github/build/reports/tests/1748409280752.0.png
Page source: file:/C:/Users/gordi/IdeaProjects/selenide-github/build/reports/tests/1748409280752.0.html
Timeout: 4 s.
Caused by: NoSuchElementException: no such element: Unable to locate element: {&quot;method&quot;:&quot;xpath&quot;,&quot;selector&quot;:&quot;.//*/text()[normalize-space(translate(string(.), '
	at app//com.codeborne.selenide.impl.WebElementSource.createElementNotFoundError(WebElementSource.java:68)
	at app//com.codeborne.selenide.impl.ElementFinder.createElementNotFoundError(ElementFinder.java:117)
	at app//com.codeborne.selenide.impl.WebElementSource.handleError(WebElementSource.java:119)
	at app//com.codeborne.selenide.impl.WebElementSource.checkConditionAndReturnElement(WebElementSource.java:102)
	at app//com.codeborne.selenide.impl.WebElementSource.checkCondition(WebElementSource.java:78)
	at app//com.codeborne.selenide.commands.Should.execute(Should.java:24)
	at app//com.codeborne.selenide.FluentCommand.execute(FluentCommand.java:27)
	at app//com.codeborne.selenide.FluentCommand.execute(FluentCommand.java:19)
	at app//com.codeborne.selenide.commands.Commands.execute(Commands.java:160)
	at app//com.codeborne.selenide.impl.SelenideElementProxy.dispatchAndRetry(SelenideElementProxy.java:131)
	at app//com.codeborne.selenide.impl.SelenideElementProxy.invoke(SelenideElementProxy.java:83)
	at app/jdk.proxy3/jdk.proxy3.$Proxy20.shouldHave(Unknown Source)
	at app//demowebshop.LoginTests.lambda$loginWithApiTest$4(LoginTests.java:53)
	at app//io.qameta.allure.Allure.lambda$step$1(Allure.java:127)
	at app//io.qameta.allure.Allure.step(Allure.java:181)
	at app//io.qameta.allure.Allure.step(Allure.java:125)
	at app//demowebshop.LoginTests.loginWithApiTest(LoginTests.java:52)
	at java.base@17.0.3/java.lang.reflect.Method.invoke(Method.java:568)
	at java.base@17.0.3/java.util.ArrayList.forEach(ArrayList.java:1511)
	at java.base@17.0.3/java.util.ArrayList.forEach(ArrayList.java:1511)
Caused by: org.openqa.selenium.NoSuchElementException: no such element: Unable to locate element: {&quot;method&quot;:&quot;xpath&quot;,&quot;selector&quot;:&quot;.//*/text()[normalize-space(translate(string(.), '	
             ​‌‍  ⁠　', '                       ')) = &quot;qa@qa.guru&quot;]/parent::*&quot;}
  (Session info: chrome=137.0.7151.56)
For documentation on this error, please visit: https://www.selenium.dev/documentation/webdriver/troubleshooting/errors#no-such-element-exception
Build info: version: '4.27.0', revision: 'd6e718d134'
System info: os.name: 'Windows 11', os.arch: 'amd64', os.version: '10.0', java.version: '17.0.3'
Driver info: org.openqa.selenium.chrome.ChromeDriver
Command: [c956ba81e36b4380d6069f162fc60c75, findElement {using=xpath, value=.//*/text()[normalize-space(translate(string(.), '	
             ​‌‍  ⁠　', '                       ')) = &quot;qa@qa.guru&quot;]/parent::*}]
Capabilities {acceptInsecureCerts: true, browserName: chrome, browserVersion: 137.0.7151.56, chrome: {chromedriverVersion: 136.0.7103.92 (cb81a4cc5087..., userDataDir: C:\Users\gordi\AppData\Loca...}, fedcm:accounts: true, goog:chromeOptions: {debuggerAddress: localhost:54652}, networkConnectionEnabled: false, pageLoadStrategy: normal, platformName: windows, proxy: Proxy(), se:cdp: ws://localhost:54652/devtoo..., se:cdpVersion: 137.0.7151.56, setWindowRect: true, strictFileInteractability: false, timeouts: {implicit: 0, pageLoad: 300000, script: 30000}, unhandledPromptBehavior: accept, webauthn:extension:credBlob: true, webauthn:extension:largeBlob: true, webauthn:extension:minPinLength: true, webauthn:extension:prf: true, webauthn:virtualAuthenticators: true}
Session ID: c956ba81e36b4380d6069f162fc60c75
	at jdk.internal.reflect.GeneratedConstructorAccessor22.newInstance(Unknown Source)
	at java.base@17.0.3/jdk.internal.reflect.DelegatingConstructorAccessorImpl.newInstance(DelegatingConstructorAccessorImpl.java:45)
	at java.base@17.0.3/java.lang.reflect.Constructor.newInstanceWithCaller(Constructor.java:499)
	at java.base@17.0.3/java.lang.reflect.Constructor.newInstance(Constructor.java:480)
	at app//org.openqa.selenium.remote.ErrorCodec.decode(ErrorCodec.java:167)
	at app//org.openqa.selenium.remote.codec.w3c.W3CHttpResponseCodec.decode(W3CHttpResponseCodec.java:138)
	at app//org.openqa.selenium.remote.codec.w3c.W3CHttpResponseCodec.decode(W3CHttpResponseCodec.java:50)
	at app//org.openqa.selenium.remote.HttpCommandExecutor.execute(HttpCommandExecutor.java:190)
	at app//org.openqa.selenium.remote.service.DriverCommandExecutor.invokeExecute(DriverCommandExecutor.java:216)
	at app//org.openqa.selenium.remote.service.DriverCommandExecutor.execute(DriverCommandExecutor.java:174)
	at app//org.openqa.selenium.remote.RemoteWebDriver.execute(RemoteWebDriver.java:545)
	at app//org.openqa.selenium.remote.ElementLocation$ElementFinder$2.findElement(ElementLocation.java:165)
	at app//org.openqa.selenium.remote.ElementLocation.findElement(ElementLocation.java:59)
	at app//org.openqa.selenium.remote.RemoteWebDriver.findElement(RemoteWebDriver.java:368)
	at app//org.openqa.selenium.remote.RemoteWebDriver.findElement(RemoteWebDriver.java:362)
	at app//com.codeborne.selenide.impl.WebElementSelector.findElement(WebElementSelector.java:64)
	at app//com.codeborne.selenide.impl.WebElementSelector.findElement(WebElementSelector.java:39)
	at app//com.codeborne.selenide.impl.WebElementSelector.findElement(WebElementSelector.java:30)
	at app//com.codeborne.selenide.impl.ElementFinder.getWebElement(ElementFinder.java:101)
	at app//com.codeborne.selenide.impl.WebElementSource.checkConditionAndReturnElement(WebElementSource.java:91)
	... 16 more
</failure>
  </testcase>
  <testcase name="loginWithUITest()" classname="demowebshop.LoginTests" time="2.963"/>
  <system-out><![CDATA[HTTP/1.1 302 Found
Content-Length: 118
Content-Type: text/html; charset=utf-8
Date: Wed, 28 May 2025 05:13:09 GMT
Server: Microsoft-IIS/10.0
Cache-Control: private
Location: /
Set-Cookie: Nop.customer=e534b276-119c-44be-943d-c38f02cdf742; expires=Thu, 28-May-2026 05:13:09 GMT; path=/; HttpOnly
Set-Cookie: NOPCOMMERCE.AUTH=0F0B8F707FF360739D4F5D94FBAC95C15926D62C6C5563464D9F17A8855D2E39AD80DF8F54B33E6862B455740383E47A9D4C8778457929F3E4E2CB57E9142B55FD858872233979EAEC015A1A957634125DFDD6DC52CE4F9891811998B31E7D03DE86AE146CEB1438DBCA9B2B40B4E53CC06EC4F0876F7269EF1FA52D986031A60958FA1575DDE54EE24DDE64BBFB1305A6EED265B028A763904516B4E1D52F477867AC12D65E8030142FFD276A391E32; path=/; HttpOnly
Set-Cookie: ARRAffinity=ec1109f6c46ef92a7fbdc79be20e8394b7150240fc23fa37f3ae8d985f1595a0;Path=/;HttpOnly;Secure;Domain=demowebshop.tricentis.com
Set-Cookie: ARRAffinitySameSite=ec1109f6c46ef92a7fbdc79be20e8394b7150240fc23fa37f3ae8d985f1595a0;Path=/;HttpOnly;SameSite=None;Secure;Domain=demowebshop.tricentis.com
X-AspNetMvc-Version: 5.2
X-AspNet-Version: 4.0.30319
X-Powered-By: ASP.NET

<html>
  <head>
    <title>Object moved</title>
  </head>
  <body>
    <h2>
Object moved to       <a shape="rect" href="/">here</a>
.    </h2>
  </body>
</html>
]]></system-out>
  <system-err><![CDATA[[Test worker] INFO com.codeborne.selenide.WebDriverThreadLocalContainer - No webdriver is bound to current thread: 1 - let's create a new webdriver
мая 28, 2025 8:14:34 AM org.openqa.selenium.manager.SeleniumManager lambda$runCommand$1
WARNING: There was an error managing chromedriver (error sending request for url (https://googlechromelabs.github.io/chrome-for-testing/known-good-versions-with-downloads.json)); using driver found in the cache
мая 28, 2025 8:14:36 AM org.openqa.selenium.devtools.CdpVersionFinder findNearestMatch
WARNING: Unable to find CDP implementation matching 137
мая 28, 2025 8:14:36 AM org.openqa.selenium.chromium.ChromiumDriver lambda$new$5
WARNING: Unable to find version of CDP to use for 137.0.7151.56. You may need to include a dependency on a specific version of the CDP using something similar to `org.seleniumhq.selenium:selenium-devtools-v86:4.27.0` where the version ("v86") matches the version of the chromium-based browser you're using and the version number of the artifact is the same as Selenium's.
[Test worker] INFO com.codeborne.selenide.webdriver.WebDriverFactory - Selenide 7.7.0 / Selenium 4.27.0 / chrome 137.0.7151.56 windows
]]></system-err>
</testsuite>
